2024-04-24 17:04:27 WARN  App:24 - WARN  
2024-04-24 17:04:27 ERROR App:25 - ERROR  
2024-04-24 17:04:27 FATAL App:26 - FATAL  
2024-04-24 17:04:27 DEBUG App:22 - DEBUG   
2024-04-24 17:04:27 INFO  App:23 - INFO  
2024-04-24 17:04:27 WARN  App:24 - WARN  
2024-04-24 17:04:27 ERROR App:25 - ERROR  
2024-04-24 17:04:27 FATAL App:26 - FATAL  
2024-04-24 17:04:27 DEBUG App:22 - DEBUG   
2024-04-24 17:04:27 INFO  App:23 - INFO  
2024-04-24 17:04:27 WARN  App:24 - WARN  
2024-04-24 17:04:27 ERROR App:25 - ERROR  
2024-04-24 17:04:27 FATAL App:26 - FATAL  
2024-04-24 17:04:27 DEBUG App:22 - DEBUG   
2024-04-24 17:04:27 INFO  App:23 - INFO  
2024-04-24 17:04:27 WARN  App:24 - WARN  
2024-04-24 17:04:27 ERROR App:25 - ERROR  
2024-04-24 17:04:27 FATAL App:26 - FATAL  
2024-04-24 17:04:27 DEBUG App:22 - DEBUG   
2024-04-24 17:04:27 INFO  App:23 - INFO  
2024-04-24 17:04:27 WARN  App:24 - WARN  
2024-04-24 17:04:27 ERROR App:25 - ERROR  
2024-04-24 17:04:27 FATAL App:26 - FATAL  
2024-04-24 17:04:27 DEBUG App:22 - DEBUG   
2024-04-24 17:04:27 INFO  App:23 - INFO  
2024-04-24 17:04:27 WARN  App:24 - WARN  
2024-04-24 17:04:27 ERROR App:25 - ERROR  
2024-04-24 17:04:27 FATAL App:26 - FATAL  
2024-04-24 17:04:27 DEBUG App:22 - DEBUG   
2024-04-24 17:04:27 INFO  App:23 - INFO  
2024-04-24 17:04:27 WARN  App:24 - WARN  
2024-04-24 17:04:27 ERROR App:25 - ERROR  
2024-04-24 17:04:27 FATAL App:26 - FATAL  
